0 verbose cli /usr/bin/node /usr/lib/node_modules/npm/bin/npm-cli.js
1 info using npm@10.2.5
2 info using node@v20.15.1
3 timing npm:load:whichnode Completed in 1ms
4 timing config:load:defaults Completed in 2ms
5 timing config:load:file:/usr/lib/node_modules/npm/npmrc Completed in 6ms
6 timing config:load:builtin Completed in 6ms
7 timing config:load:cli Completed in 3ms
8 timing config:load:env Completed in 0ms
9 timing config:load:project Completed in 3ms
10 timing config:load:file:/quartz/.npmrc Completed in 1ms
11 timing config:load:user Completed in 1ms
12 timing config:load:file:/etc/npmrc Completed in 0ms
13 timing config:load:global Completed in 0ms
14 timing config:load:setEnvs Completed in 1ms
15 timing config:load Completed in 17ms
16 timing npm:load:configload Completed in 17ms
17 timing config:load:flatten Completed in 3ms
18 timing npm:load:mkdirpcache Completed in 0ms
19 timing npm:load:mkdirplogs Completed in 0ms
20 verbose title npm exec quartz build
21 verbose argv "exec" "--" "quartz" "build"
22 timing npm:load:setTitle Completed in 1ms
23 timing npm:load:display Completed in 1ms
24 verbose logfile logs-max:10 dir:/quartz/.npm/_logs/2024-09-25T08_50_40_909Z-
25 verbose logfile /quartz/.npm/_logs/2024-09-25T08_50_40_909Z-debug-0.log
26 timing npm:load:logFile Completed in 9ms
27 timing npm:load:timers Completed in 0ms
28 timing npm:load:configScope Completed in 0ms
29 timing npm:load Completed in 48ms
30 silly logfile done cleaning log files
31 timing arborist:ctor Completed in 1ms
32 timing arborist:ctor Completed in 0ms
33 timing arborist:ctor Completed in 0ms
34 timing arborist:ctor Completed in 0ms
35 timing idealTree:init Completed in 4ms
36 timing idealTree:userRequests Completed in 2ms
37 silly idealTree buildDeps
38 silly placeDep ROOT @jackyzha0/quartz@4.1.4 OK for:  want: file:../../..
39 timing idealTree:#root Completed in 10ms
40 timing idealTree:node_modules/@jackyzha0/quartz Completed in 0ms
41 timing idealTree:buildDeps Completed in 11ms
42 timing idealTree:fixDepFlags Completed in 1ms
43 timing idealTree Completed in 20ms
44 timing reify:loadTrees Completed in 21ms
45 timing reify:diffTrees Completed in 2ms
46 silly reify moves {}
47 timing reify:retireShallow Completed in 2ms
48 timing reify:createSparse Completed in 0ms
49 timing reify:loadBundles Completed in 0ms
50 silly audit bulk request { '@jackyzha0/quartz': [ '4.1.4' ] }
51 timing reifyNode:node_modules/@jackyzha0/quartz Completed in 59ms
52 timing reify:unpack Completed in 59ms
53 timing reify:unretire Completed in 1ms
54 timing build:queue Completed in 0ms
55 timing build:deps Completed in 1ms
56 timing build:queue Completed in 0ms
57 timing reify:rollback:createSparse Completed in 0ms
58 timing reify:rollback:retireShallow Completed in 0ms
59 timing command:exec Completed in 278ms
60 verbose stack Error: EPERM: operation not permitted, chmod '/quartz/.npm/_npx/e3857e7ccc34fd1d/node_modules/@jackyzha0/quartz/quartz/bootstrap-cli.mjs'
60 verbose stack     at async chmod (node:internal/fs/promises:1085:10)
60 verbose stack     at async Promise.all (index 0)
60 verbose stack     at async Promise.all (index 0)
60 verbose stack     at async [createBinLinks] (/usr/lib/node_modules/npm/node_modules/@npmcli/arborist/lib/arborist/rebuild.js:427:5)
60 verbose stack     at async Promise.allSettled (index 0)
60 verbose stack     at async [linkAllBins] (/usr/lib/node_modules/npm/node_modules/@npmcli/arborist/lib/arborist/rebuild.js:408:5)
60 verbose stack     at async [build] (/usr/lib/node_modules/npm/node_modules/@npmcli/arborist/lib/arborist/rebuild.js:193:7)
60 verbose stack     at async Arborist.rebuild (/usr/lib/node_modules/npm/node_modules/@npmcli/arborist/lib/arborist/rebuild.js:100:7)
60 verbose stack     at async [reifyPackages] (/usr/lib/node_modules/npm/node_modules/@npmcli/arborist/lib/arborist/reify.js:251:11)
60 verbose stack     at async Arborist.reify (/usr/lib/node_modules/npm/node_modules/@npmcli/arborist/lib/arborist/reify.js:170:5)
61 verbose cwd /quartz
62 verbose Linux 6.8.9-100.fc38.x86_64
63 verbose node v20.15.1
64 verbose npm  v10.2.5
65 error code EPERM
66 error syscall chmod
67 error path /quartz/.npm/_npx/e3857e7ccc34fd1d/node_modules/@jackyzha0/quartz/quartz/bootstrap-cli.mjs
68 error errno -1
69 verbose Error: EPERM: operation not permitted, chmod '/quartz/.npm/_npx/e3857e7ccc34fd1d/node_modules/@jackyzha0/quartz/quartz/bootstrap-cli.mjs'
    at async chmod (node:internal/fs/promises:1085:10)
    at async Promise.all (index 0)
    at async Promise.all (index 0)
    at async [createBinLinks] (/usr/lib/node_modules/npm/node_modules/@npmcli/arborist/lib/arborist/rebuild.js:427:5)
    at async Promise.allSettled (index 0)
    at async [linkAllBins] (/usr/lib/node_modules/npm/node_modules/@npmcli/arborist/lib/arborist/rebuild.js:408:5)
    at async [build] (/usr/lib/node_modules/npm/node_modules/@npmcli/arborist/lib/arborist/rebuild.js:193:7)
    at async Arborist.rebuild (/usr/lib/node_modules/npm/node_modules/@npmcli/arborist/lib/arborist/rebuild.js:100:7)
    at async [reifyPackages] (/usr/lib/node_modules/npm/node_modules/@npmcli/arborist/lib/arborist/reify.js:251:11)
    at async Arborist.reify (/usr/lib/node_modules/npm/node_modules/@npmcli/arborist/lib/arborist/reify.js:170:5)
70 error
70 error Your cache folder contains root-owned files, due to a bug in
70 error previous versions of npm which has since been addressed.
70 error
70 error To permanently fix this problem, please run:
70 error   sudo chown -R 1000:1000 "/quartz/.npm"
71 verbose exit -1
72 timing npm Completed in 538ms
73 verbose unfinished npm timer reify 1727254241360
74 verbose unfinished npm timer reify:audit 1727254241388
75 verbose unfinished npm timer auditReport:getReport 1727254241388
76 verbose unfinished npm timer reify:build 1727254241458
77 verbose unfinished npm timer build 1727254241458
78 verbose unfinished npm timer build:links 1727254241459
79 verbose unfinished npm timer build:link 1727254241459
80 verbose unfinished npm timer build:link:node_modules/@jackyzha0/quartz 1727254241460
81 verbose code -1
82 error A complete log of this run can be found in: /quartz/.npm/_logs/2024-09-25T08_50_40_909Z-debug-0.log
