0 verbose cli /usr/bin/node /usr/lib/node_modules/npm/bin/npm-cli.js
1 info using npm@10.2.5
2 info using node@v20.15.1
3 timing npm:load:whichnode Completed in 1ms
4 timing config:load:defaults Completed in 2ms
5 timing config:load:file:/usr/lib/node_modules/npm/npmrc Completed in 6ms
6 timing config:load:builtin Completed in 6ms
7 timing config:load:cli Completed in 3ms
8 timing config:load:env Completed in 0ms
9 timing config:load:file:/quartz/.npmrc Completed in 1ms
10 timing config:load:project Completed in 5ms
11 verbose config error loading user config Error: EACCES: permission denied, open '/root/.npmrc'
11 verbose config     at async open (node:internal/fs/promises:639:25)
11 verbose config     at async readFile (node:internal/fs/promises:1249:14)
11 verbose config     at async #loadFile (/usr/lib/node_modules/npm/node_modules/@npmcli/config/lib/index.js:615:5)
11 verbose config     at async Config.load (/usr/lib/node_modules/npm/node_modules/@npmcli/config/lib/index.js:286:5)
11 verbose config     at async #load (/usr/lib/node_modules/npm/lib/npm.js:195:5)
11 verbose config     at async module.exports (/usr/lib/node_modules/npm/lib/cli-entry.js:40:5) {
11 verbose config   errno: -13,
11 verbose config   code: 'EACCES',
11 verbose config   syscall: 'open',
11 verbose config   path: '/root/.npmrc'
11 verbose config }
12 timing config:load:file:/root/.npmrc Completed in 3ms
13 timing config:load:user Completed in 3ms
14 timing config:load:file:/etc/npmrc Completed in 0ms
15 timing config:load:global Completed in 0ms
16 timing config:load:setEnvs Completed in 1ms
17 timing config:load Completed in 20ms
18 timing npm:load:configload Completed in 20ms
19 timing config:load:flatten Completed in 3ms
20 timing npm:load:mkdirpcache Completed in 0ms
21 timing npm:load:mkdirplogs Completed in 1ms
22 verbose title npm exec quartz sync
23 verbose argv "exec" "--" "quartz" "sync"
24 timing npm:load:setTitle Completed in 0ms
25 timing npm:load:display Completed in 1ms
26 verbose logfile logs-max:10 dir:/quartz/.npm/_logs/2024-09-25T09_46_50_931Z-
27 verbose logfile /quartz/.npm/_logs/2024-09-25T09_46_50_931Z-debug-0.log
28 timing npm:load:logFile Completed in 10ms
29 timing npm:load:timers Completed in 0ms
30 timing npm:load:configScope Completed in 0ms
31 timing npm:load Completed in 52ms
32 silly logfile start cleaning logs, removing 1 files
33 timing arborist:ctor Completed in 1ms
34 silly logfile done cleaning log files
35 timing arborist:ctor Completed in 0ms
36 timing arborist:ctor Completed in 0ms
37 verbose shrinkwrap failed to load node_modules/.package-lock.json out of date, updated: ../../..
38 timing idealTree:init Completed in 93ms
39 timing idealTree:userRequests Completed in 2ms
40 silly idealTree buildDeps
41 silly placeDep ROOT @jackyzha0/quartz@4.1.4 REPLACE for:  want: file:../../..
42 timing idealTree:#root Completed in 8ms
43 timing idealTree:node_modules/@jackyzha0/quartz Completed in 0ms
44 timing idealTree:buildDeps Completed in 9ms
45 timing idealTree:fixDepFlags Completed in 4ms
46 timing idealTree Completed in 115ms
47 timing reify:loadTrees Completed in 116ms
48 timing reify:diffTrees Completed in 2ms
49 silly reify moves {}
50 timing reify:retireShallow Completed in 0ms
51 timing reify:createSparse Completed in 0ms
52 timing reify:loadBundles Completed in 0ms
53 silly audit bulk request {
53 silly audit   '@jackyzha0/quartz': [ '4.1.4' ],
53 silly audit   '@babel/runtime': [ '7.23.8' ],
53 silly audit   '@clack/core': [ '0.3.3' ],
53 silly audit   '@clack/prompts': [ '0.7.0' ],
53 silly audit   '@esbuild/linux-x64': [ '0.19.9', '0.18.20' ],
53 silly audit   '@floating-ui/core': [ '1.5.2' ],
53 silly audit   '@floating-ui/dom': [ '1.5.3' ],
53 silly audit   '@floating-ui/utils': [ '0.1.6' ],
53 silly audit   '@isaacs/cliui': [ '8.0.2' ],
53 silly audit   '@napi-rs/simple-git': [ '0.1.9' ],
53 silly audit   '@napi-rs/simple-git-linux-x64-gnu': [ '0.1.9' ],
53 silly audit   '@napi-rs/simple-git-linux-x64-musl': [ '0.1.9' ],
53 silly audit   '@nodelib/fs.scandir': [ '2.1.5' ],
53 silly audit   '@nodelib/fs.stat': [ '2.0.5' ],
53 silly audit   '@nodelib/fs.walk': [ '1.2.8' ],
53 silly audit   '@pkgjs/parseargs': [ '0.11.0' ],
53 silly audit   '@sindresorhus/merge-streams': [ '1.0.0' ],
53 silly audit   '@tootallnate/once': [ '2.0.0' ],
53 silly audit   '@types/cli-spinner': [ '0.2.3' ],
53 silly audit   '@types/d3': [ '7.4.3' ],
53 silly audit   '@types/d3-array': [ '3.0.5' ],
53 silly audit   '@types/d3-axis': [ '3.0.2' ],
53 silly audit   '@types/d3-brush': [ '3.0.2' ],
53 silly audit   '@types/d3-chord': [ '3.0.2' ],
53 silly audit   '@types/d3-color': [ '3.1.0' ],
53 silly audit   '@types/d3-contour': [ '3.0.2' ],
53 silly audit   '@types/d3-delaunay': [ '6.0.1' ],
53 silly audit   '@types/d3-dispatch': [ '3.0.2' ],
53 silly audit   '@types/d3-drag': [ '3.0.2' ],
53 silly audit   '@types/d3-dsv': [ '3.0.1' ],
53 silly audit   '@types/d3-ease': [ '3.0.0' ],
53 silly audit   '@types/d3-fetch': [ '3.0.2' ],
53 silly audit   '@types/d3-force': [ '3.0.4' ],
53 silly audit   '@types/d3-format': [ '3.0.1' ],
53 silly audit   '@types/d3-geo': [ '3.0.3' ],
53 silly audit   '@types/d3-hierarchy': [ '3.1.2' ],
53 silly audit   '@types/d3-interpolate': [ '3.0.1' ],
53 silly audit   '@types/d3-path': [ '3.0.0' ],
53 silly audit   '@types/d3-polygon': [ '3.0.0' ],
53 silly audit   '@types/d3-quadtree': [ '3.0.2' ],
53 silly audit   '@types/d3-random': [ '3.0.1' ],
53 silly audit   '@types/d3-scale': [ '4.0.3' ],
53 silly audit   '@types/d3-scale-chromatic': [ '3.0.0' ],
53 silly audit   '@types/d3-selection': [ '3.0.5' ],
53 silly audit   '@types/d3-shape': [ '3.1.1' ],
53 silly audit   '@types/d3-time': [ '3.0.0' ],
53 silly audit   '@types/d3-time-format': [ '4.0.0' ],
53 silly audit   '@types/d3-timer': [ '3.0.0' ],
53 silly audit   '@types/d3-transition': [ '3.0.3' ],
53 silly audit   '@types/d3-zoom': [ '3.0.3' ],
53 silly audit   '@types/debug': [ '4.1.12' ],
53 silly audit   '@types/estree': [ '1.0.5' ],
53 silly audit   '@types/estree-jsx': [ '1.0.3' ],
53 silly audit   '@types/flexsearch': [ '0.7.3' ],
53 silly audit   '@types/geojson': [ '7946.0.10' ],
53 silly audit   '@types/hast': [ '3.0.3' ],
53 silly audit   '@types/js-yaml': [ '4.0.9' ],
53 silly audit   '@types/katex': [ '0.16.7' ],
53 silly audit   '@types/mathjax': [ '0.0.37' ],
53 silly audit   '@types/mdast': [ '4.0.3' ],
53 silly audit   '@types/ms': [ '0.7.34' ],
53 silly audit   '@types/nlcst': [ '1.0.0' ],
53 silly audit   '@types/node': [ '20.3.3' ],
53 silly audit   '@types/pretty-time': [ '1.1.5' ],
53 silly audit   '@types/source-map-support': [ '0.5.10' ],
53 silly audit   '@types/unist': [ '2.0.6', '3.0.2' ],
53 silly audit   '@types/workerpool': [ '6.4.7' ],
53 silly audit   '@types/ws': [ '8.5.10' ],
53 silly audit   '@types/yargs': [ '17.0.32' ],
53 silly audit   '@types/yargs-parser': [ '21.0.0' ],
53 silly audit   '@ungap/structured-clone': [ '1.2.0' ],
53 silly audit   abab: [ '2.0.6' ],
53 silly audit   'agent-base': [ '6.0.2' ],
53 silly audit   'ansi-regex': [ '6.0.1', '5.0.1' ],
53 silly audit   'ansi-styles': [ '4.3.0', '6.2.1' ],
53 silly audit   anymatch: [ '3.1.3' ],
53 silly audit   argparse: [ '2.0.1', '1.0.10' ],
53 silly audit   'array-iterate': [ '2.0.1' ],
53 silly audit   'async-mutex': [ '0.4.0' ],
53 silly audit   asynckit: [ '0.4.0' ],
53 silly audit   bail: [ '2.0.2' ],
53 silly audit   'balanced-match': [ '1.0.2' ],
53 silly audit   'binary-extensions': [ '2.2.0' ],
53 silly audit   'brace-expansion': [ '2.0.1', '1.1.11' ],
53 silly audit   braces: [ '3.0.2' ],
53 silly audit   'buffer-from': [ '1.1.2' ],
53 silly audit   bytes: [ '3.0.0' ],
53 silly audit   ccount: [ '2.0.1' ],
53 silly audit   chalk: [ '5.3.0' ],
53 silly audit   'character-entities': [ '2.0.2' ],
53 silly audit   'character-entities-html4': [ '2.1.0' ],
53 silly audit   'character-entities-legacy': [ '3.0.0' ],
53 silly audit   'character-reference-invalid': [ '2.0.1' ],
53 silly audit   chokidar: [ '3.5.3' ],
53 silly audit   'cli-spinner': [ '0.2.10' ],
53 silly audit   cliui: [ '8.0.1' ],
53 silly audit   'emoji-regex': [ '8.0.0', '9.2.2' ],
53 silly audit   'string-width': [ '4.2.3', '5.1.2' ],
53 silly audit   'strip-ansi': [ '6.0.1', '7.1.0' ],
53 silly audit   'wrap-ansi': [ '7.0.0', '8.1.0' ],
53 silly audit   'color-convert': [ '2.0.1' ],
53 silly audit   'color-name': [ '1.1.4' ],
53 silly audit   'combined-stream': [ '1.0.8' ],
53 silly audit   'comma-separated-tokens': [ '2.0.3' ],
53 silly audit   commander: [ '7.2.0', '8.3.0', '9.2.0' ],
53 silly audit   'concat-map': [ '0.0.1' ],
53 silly audit   'content-disposition': [ '0.5.2' ],
53 silly audit   'cross-spawn': [ '7.0.3' ],
53 silly audit   cssstyle: [ '3.0.0' ],
53 silly audit   d3: [ '7.8.5' ],
53 silly audit   'd3-array': [ '3.2.4' ],
53 silly audit   'd3-axis': [ '3.0.0' ],
53 silly audit   'd3-brush': [ '3.0.0' ],
53 silly audit   'd3-chord': [ '3.0.1' ],
53 silly audit   'd3-color': [ '3.1.0' ],
53 silly audit   'd3-contour': [ '4.0.2' ],
53 silly audit   'd3-delaunay': [ '6.0.4' ],
53 silly audit   'd3-dispatch': [ '3.0.1' ],
53 silly audit   'd3-drag': [ '3.0.0' ],
53 silly audit   'd3-dsv': [ '3.0.1' ],
53 silly audit   'd3-ease': [ '3.0.1' ],
53 silly audit   'd3-fetch': [ '3.0.1' ],
53 silly audit   'd3-force': [ '3.0.0' ],
53 silly audit   'd3-format': [ '3.1.0' ],
53 silly audit   'd3-geo': [ '3.1.0' ],
53 silly audit   'd3-hierarchy': [ '3.1.2' ],
53 silly audit   'd3-interpolate': [ '3.0.1' ],
53 silly audit   'd3-path': [ '3.1.0' ],
53 silly audit   'd3-polygon': [ '3.0.1' ],
53 silly audit   'd3-quadtree': [ '3.0.1' ],
53 silly audit   'd3-random': [ '3.0.1' ],
53 silly audit   'd3-scale': [ '4.0.2' ],
53 silly audit   'd3-scale-chromatic': [ '3.0.0' ],
53 silly audit   'd3-selection': [ '3.0.0' ],
53 silly audit   'd3-shape': [ '3.2.0' ],
53 silly audit   'd3-time': [ '3.1.0' ],
53 silly audit   'd3-time-format': [ '4.1.0' ],
53 silly audit   'd3-timer': [ '3.0.1' ],
53 silly audit   'd3-transition': [ '3.0.1' ],
53 silly audit   'd3-zoom': [ '3.0.0' ],
53 silly audit   'data-urls': [ '4.0.0' ],
53 silly audit   'date-fns': [ '2.30.0' ],
53 silly audit   debug: [ '4.3.4' ],
53 silly audit   'decimal.js': [ '10.4.3' ],
53 silly audit   'decode-named-character-reference': [ '1.0.2' ],
53 silly audit   delaunator: [ '5.0.0' ],
53 silly audit   'delayed-stream': [ '1.0.0' ],
53 silly audit   dequal: [ '2.0.3' ],
53 silly audit   'detect-libc': [ '1.0.3' ],
53 silly audit   devlop: [ '1.1.0' ],
53 silly audit   domexception: [ '4.0.0' ],
53 silly audit   eastasianwidth: [ '0.2.0' ],
53 silly audit   entities: [ '4.5.0' ],
53 silly audit   esbuild: [ '0.19.9', '0.18.20' ],
53 silly audit   'esbuild-sass-plugin': [ '2.16.0' ],
53 silly audit   escalade: [ '3.1.1' ],
53 silly audit   'escape-string-regexp': [ '5.0.0' ],
53 silly audit   esm: [ '3.2.25' ],
53 silly audit   esprima: [ '4.0.1' ],
53 silly audit   'estree-util-is-identifier-name': [ '3.0.0' ],
53 silly audit   extend: [ '3.0.2' ],
53 silly audit   'extend-shallow': [ '2.0.1' ],
53 silly audit   'fast-glob': [ '3.3.2' ],
53 silly audit   'fast-url-parser': [ '1.1.3' ],
53 silly audit   fastq: [ '1.15.0' ],
53 silly audit   fault: [ '2.0.1' ],
53 silly audit   'fill-range': [ '7.0.1' ],
53 silly audit   flexsearch: [ '0.7.21' ],
53 silly audit   'foreground-child': [ '3.1.1' ],
53 silly audit   'form-data': [ '4.0.0' ],
53 silly audit   format: [ '0.2.2' ],
53 silly audit   'function-bind': [ '1.1.2' ],
53 silly audit   'get-caller-file': [ '2.0.5' ],
53 silly audit   'get-tsconfig': [ '4.7.2' ],
53 silly audit   'github-slugger': [ '2.0.0' ],
53 silly audit   glob: [ '10.3.10' ],
53 silly audit   'glob-parent': [ '5.1.2' ],
53 silly audit   globby: [ '14.0.0' ],
53 silly audit   'gray-matter': [ '4.0.3' ],
53 silly audit   'js-yaml': [ '3.14.1', '4.1.0' ],
53 silly audit   hasown: [ '2.0.0' ],
53 silly audit   'hast-util-from-dom': [ '5.0.0' ],
53 silly audit   'hast-util-from-html': [ '2.0.1' ],
53 silly audit   'hast-util-from-html-isomorphic': [ '2.0.0' ],
53 silly audit   'unist-util-stringify-position': [ '4.0.0', '3.0.3' ],
53 silly audit   'vfile-message': [ '4.0.2', '3.1.4' ],
53 silly audit   'hast-util-from-parse5': [ '8.0.1' ],
53 silly audit   'hast-util-heading-rank': [ '3.0.0' ],
53 silly audit   'hast-util-is-element': [ '3.0.0' ],
53 silly audit   'hast-util-parse-selector': [ '4.0.0' ],
53 silly audit   'hast-util-raw': [ '9.0.1' ],
53 silly audit   'hast-util-to-html': [ '9.0.0' ],
53 silly audit   'hast-util-to-jsx-runtime': [ '2.3.0' ],
53 silly audit   'hast-util-to-parse5': [ '8.0.0' ],
53 silly audit   'hast-util-to-string': [ '3.0.0' ],
53 silly audit   'hast-util-to-text': [ '4.0.0' ],
53 silly audit   'hast-util-whitespace': [ '3.0.0' ],
53 silly audit   hastscript: [ '8.0.0' ],
53 silly audit   'html-encoding-sniffer': [ '3.0.0' ],
53 silly audit   'html-void-elements': [ '3.0.0' ],
53 silly audit   'http-proxy-agent': [ '5.0.0' ],
53 silly audit   'https-proxy-agent': [ '5.0.1' ],
53 silly audit   'iconv-lite': [ '0.6.3' ],
53 silly audit   ignore: [ '5.2.4' ],
53 silly audit   immutable: [ '4.3.3' ],
53 silly audit   'inline-style-parser': [ '0.2.2' ],
53 silly audit   internmap: [ '2.0.3' ],
53 silly audit   'is-absolute-url': [ '4.0.1' ],
53 silly audit   'is-alphabetical': [ '2.0.1' ],
53 silly audit   'is-alphanumerical': [ '2.0.1' ],
53 silly audit   'is-binary-path': [ '2.1.0' ],
53 silly audit   'is-buffer': [ '2.0.5' ],
53 silly audit   'is-core-module': [ '2.13.1' ],
53 silly audit   'is-decimal': [ '2.0.1' ],
53 silly audit   'is-extendable': [ '0.1.1' ],
53 silly audit   'is-extglob': [ '2.1.1' ],
53 silly audit   'is-fullwidth-code-point': [ '3.0.0' ],
53 silly audit   'is-glob': [ '4.0.3' ],
53 silly audit   'is-hexadecimal': [ '2.0.1' ],
53 silly audit   'is-number': [ '7.0.0' ],
53 silly audit   'is-plain-obj': [ '4.1.0' ],
53 silly audit   'is-potential-custom-element-name': [ '1.0.1' ],
53 silly audit   isexe: [ '2.0.0' ],
53 silly audit   jackspeak: [ '2.3.6' ],
53 silly audit   jsdom: [ '22.1.0' ],
53 silly audit   katex: [ '0.16.8' ],
53 silly audit   'kind-of': [ '6.0.3' ],
53 silly audit   lightningcss: [ '1.22.1' ],
53 silly audit   'lightningcss-linux-x64-gnu': [ '1.22.1' ],
53 silly audit   'lightningcss-linux-x64-musl': [ '1.22.1' ],
53 silly audit   'longest-streak': [ '3.1.0' ],
53 silly audit   'lru-cache': [ '10.1.0' ],
53 silly audit   'markdown-table': [ '3.0.3' ],
53 silly audit   'mathjax-full': [ '3.2.2' ],
53 silly audit   'mdast-util-find-and-replace': [ '3.0.1' ],
53 silly audit   'unist-util-is': [ '6.0.0', '5.2.1' ],
53 silly audit   'unist-util-visit-parents': [ '6.0.1', '5.1.3' ],
53 silly audit   'mdast-util-from-markdown': [ '2.0.0' ],
53 silly audit   'mdast-util-frontmatter': [ '2.0.1' ],
53 silly audit   'mdast-util-gfm': [ '3.0.0' ],
53 silly audit   'mdast-util-gfm-autolink-literal': [ '2.0.0' ],
53 silly audit   'mdast-util-gfm-footnote': [ '2.0.0' ],
53 silly audit   'mdast-util-gfm-strikethrough': [ '2.0.0' ],
53 silly audit   'mdast-util-gfm-table': [ '2.0.0' ],
53 silly audit   'mdast-util-gfm-task-list-item': [ '2.0.0' ],
53 silly audit   'mdast-util-math': [ '3.0.0' ],
53 silly audit   'mdast-util-mdx-expression': [ '2.0.0' ],
53 silly audit   'mdast-util-mdx-jsx': [ '3.0.0' ],
53 silly audit   'mdast-util-mdxjs-esm': [ '2.0.1' ],
53 silly audit   'mdast-util-newline-to-break': [ '2.0.0' ],
53 silly audit   'mdast-util-phrasing': [ '4.0.0' ],
53 silly audit   'mdast-util-to-hast': [ '13.0.2' ],
53 silly audit   'mdast-util-to-markdown': [ '2.1.0' ],
53 silly audit   'mdast-util-to-string': [ '4.0.0' ],
53 silly audit   merge2: [ '1.4.1' ],
53 silly audit   mhchemparser: [ '4.2.1' ],
53 silly audit   micromark: [ '4.0.0' ],
53 silly audit   'micromark-core-commonmark': [ '2.0.0' ],
53 silly audit   'micromark-extension-frontmatter': [ '2.0.0' ],
53 silly audit   'micromark-extension-gfm': [ '3.0.0' ],
53 silly audit   'micromark-extension-gfm-autolink-literal': [ '2.0.0' ],
53 silly audit   'micromark-extension-gfm-footnote': [ '2.0.0' ],
53 silly audit   'micromark-extension-gfm-strikethrough': [ '2.0.0' ],
53 silly audit   'micromark-extension-gfm-table': [ '2.0.0' ],
53 silly audit   'micromark-extension-gfm-tagfilter': [ '2.0.0' ],
53 silly audit   'micromark-extension-gfm-task-list-item': [ '2.0.1' ],
53 silly audit   'micromark-extension-math': [ '3.0.0' ],
53 silly audit   'micromark-factory-destination': [ '2.0.0' ],
53 silly audit   'micromark-factory-label': [ '2.0.0' ],
53 silly audit   'micromark-factory-space': [ '2.0.0' ],
53 silly audit   'micromark-factory-title': [ '2.0.0' ],
53 silly audit   'micromark-factory-whitespace': [ '2.0.0' ],
53 silly audit   'micromark-util-character': [ '2.0.1' ],
53 silly audit   'micromark-util-chunked': [ '2.0.0' ],
53 silly audit   'micromark-util-classify-character': [ '2.0.0' ],
53 silly audit   'micromark-util-combine-extensions': [ '2.0.0' ],
53 silly audit   'micromark-util-decode-numeric-character-reference': [ '2.0.1' ],
53 silly audit   'micromark-util-decode-string': [ '2.0.0' ],
53 silly audit   'micromark-util-encode': [ '2.0.0' ],
53 silly audit   'micromark-util-html-tag-name': [ '2.0.0' ],
53 silly audit   'micromark-util-normalize-identifier': [ '2.0.0' ],
53 silly audit   'micromark-util-resolve-all': [ '2.0.0' ],
53 silly audit   'micromark-util-sanitize-uri': [ '2.0.0' ],
53 silly audit   'micromark-util-subtokenize': [ '2.0.0' ],
53 silly audit   'micromark-util-symbol': [ '2.0.0' ],
53 silly audit   'micromark-util-types': [ '2.0.0' ],
53 silly audit   micromatch: [ '4.0.5' ],
53 silly audit   micromorph: [ '0.4.5' ],
53 silly audit   'mime-db': [ '1.33.0' ],
53 silly audit   'mime-types': [ '2.1.18' ],
53 silly audit   minimatch: [ '9.0.3', '3.1.2' ],
53 silly audit   minipass: [ '7.0.4' ],
53 silly audit   'mj-context-menu': [ '0.6.1' ],
53 silly audit   ms: [ '2.1.2' ],
53 silly audit   'nlcst-to-string': [ '3.1.1' ],
53 silly audit   'normalize-path': [ '3.0.0' ],
53 silly audit   nwsapi: [ '2.2.7' ],
53 silly audit   'parse-entities': [ '4.0.1' ],
53 silly audit   'parse-latin': [ '5.0.1' ],
53 silly audit   'parse-numeric-range': [ '1.3.0' ],
53 silly audit   parse5: [ '7.1.2' ],
53 silly audit   'path-is-inside': [ '1.0.2' ],
53 silly audit   'path-key': [ '3.1.1' ],
53 silly audit   'path-parse': [ '1.0.7' ],
53 silly audit   'path-scurry': [ '1.10.1' ],
53 silly audit   'path-to-regexp': [ '2.2.1' ],
53 silly audit   'path-type': [ '5.0.0' ],
53 silly audit   picocolors: [ '1.0.0' ],
53 silly audit   picomatch: [ '2.3.1' ],
53 silly audit   preact: [ '10.19.3' ],
53 silly audit   'preact-render-to-string': [ '6.3.1' ],
53 silly audit   prettier: [ '3.1.1' ],
53 silly audit   'pretty-bytes': [ '6.1.1' ],
53 silly audit   'pretty-format': [ '3.8.0' ],
53 silly audit   'pretty-time': [ '1.1.0' ],
53 silly audit   'property-information': [ '6.2.0' ],
53 silly audit   psl: [ '1.9.0' ],
53 silly audit   punycode: [ '1.4.1', '2.3.1' ],
53 silly audit   querystringify: [ '2.2.0' ],
53 silly audit   'queue-microtask': [ '1.2.3' ],
53 silly audit   'range-parser': [ '1.2.0' ],
53 silly audit   readdirp: [ '3.6.0' ],
53 silly audit   'reading-time': [ '1.5.0' ],
53 silly audit   'regenerator-runtime': [ '0.14.1' ],
53 silly audit   'rehype-autolink-headings': [ '7.1.0' ],
53 silly audit   'rehype-katex': [ '7.0.0' ],
53 silly audit   'rehype-mathjax': [ '5.0.0' ],
53 silly audit   'rehype-parse': [ '9.0.0' ],
53 silly audit   'rehype-pretty-code': [ '0.12.3' ],
53 silly audit   'rehype-raw': [ '7.0.0' ],
53 silly audit   'rehype-slug': [ '6.0.0' ],
53 silly audit   remark: [ '15.0.1' ],
53 silly audit   'remark-breaks': [ '4.0.0' ],
53 silly audit   'remark-frontmatter': [ '5.0.0' ],
53 silly audit   'remark-gfm': [ '4.0.0' ],
53 silly audit   'remark-math': [ '6.0.0' ],
53 silly audit   'remark-parse': [ '11.0.0' ],
53 silly audit   'remark-rehype': [ '11.0.0' ],
53 silly audit   'remark-smartypants': [ '2.0.0' ],
53 silly audit   'unist-util-visit': [ '4.1.2', '5.0.0' ],
53 silly audit   'remark-stringify': [ '11.0.0' ],
53 silly audit   'require-directory': [ '2.1.1' ],
53 silly audit   'requires-port': [ '1.0.0' ],
53 silly audit   resolve: [ '1.22.8' ],
53 silly audit   'resolve-pkg-maps': [ '1.0.0' ],
53 silly audit   retext: [ '8.1.0' ],
53 silly audit   'retext-latin': [ '3.1.0' ],
53 silly audit   unified: [ '10.1.2', '11.0.4' ],
53 silly audit   vfile: [ '5.3.7', '6.0.1' ],
53 silly audit   'retext-smartypants': [ '5.2.0' ],
53 silly audit   'retext-stringify': [ '3.1.0' ],
53 silly audit   reusify: [ '1.0.4' ],
53 silly audit   rfdc: [ '1.3.0' ],
53 silly audit   rimraf: [ '5.0.5' ],
53 silly audit   'robust-predicates': [ '3.0.2' ],
53 silly audit   'rrweb-cssom': [ '0.6.0' ],
53 silly audit   'run-parallel': [ '1.2.0' ],
53 silly audit   rw: [ '1.3.3' ],
53 silly audit   'safer-buffer': [ '2.1.2' ],
53 silly audit   sass: [ '1.66.1' ],
53 silly audit   saxes: [ '6.0.0' ],
53 silly audit   'section-matter': [ '1.0.0' ],
53 silly audit   'serve-handler': [ '6.1.5' ],
53 silly audit   'shebang-command': [ '2.0.0' ],
53 silly audit   'shebang-regex': [ '3.0.0' ],
53 silly audit   shikiji: [ '0.9.9' ],
53 silly audit   'shikiji-core': [ '0.9.9' ],
53 silly audit   'signal-exit': [ '4.1.0' ],
53 silly audit   sisteransi: [ '1.0.5' ],
53 silly audit   slash: [ '5.1.0' ],
53 silly audit   'source-map': [ '0.6.1' ],
53 silly audit   'source-map-js': [ '1.0.2' ],
53 silly audit   'source-map-support': [ '0.5.21' ],
53 silly audit   'space-separated-tokens': [ '2.0.2' ],
53 silly audit   'speech-rule-engine': [ '4.0.7' ],
53 silly audit   'sprintf-js': [ '1.0.3' ],
53 silly audit   'stringify-entities': [ '4.0.3' ],
53 silly audit   'strip-bom-string': [ '1.0.0' ],
53 silly audit   'style-to-object': [ '1.0.5' ],
53 silly audit   'supports-preserve-symlinks-flag': [ '1.0.0' ],
53 silly audit   'symbol-tree': [ '3.2.4' ],
53 silly audit   'to-regex-range': [ '5.0.1' ],
53 silly audit   'to-vfile': [ '8.0.0' ],
53 silly audit   toml: [ '3.0.0' ],
53 silly audit   'tough-cookie': [ '4.1.3' ],
53 silly audit   tr46: [ '4.1.1' ],
53 silly audit   'trim-lines': [ '3.0.1' ],
53 silly audit   trough: [ '2.1.0' ],
53 silly audit   tslib: [ '2.6.2' ],
53 silly audit   tsx: [ '4.6.2' ],
53 silly audit   typescript: [ '5.3.3' ],
53 silly audit   unherit: [ '3.0.1' ],
53 silly audit   'unicorn-magic': [ '0.1.0' ],
53 silly audit   'unist-util-find-after': [ '5.0.0' ],
53 silly audit   'unist-util-modify-children': [ '3.1.1' ],
53 silly audit   'unist-util-position': [ '5.0.0' ],
53 silly audit   'unist-util-remove-position': [ '5.0.0' ],
53 silly audit   'unist-util-visit-children': [ '2.0.2' ],
53 silly audit   universalify: [ '0.2.0' ],
53 silly audit   'url-parse': [ '1.5.10' ],
53 silly audit   'vfile-location': [ '5.0.2' ],
53 silly audit   'w3c-xmlserializer': [ '4.0.0' ],
53 silly audit   'web-namespaces': [ '2.0.1' ],
53 silly audit   'webidl-conversions': [ '7.0.0' ],
53 silly audit   'whatwg-encoding': [ '2.0.0' ],
53 silly audit   'whatwg-mimetype': [ '3.0.0' ],
53 silly audit   'whatwg-url': [ '12.0.1' ],
53 silly audit   which: [ '2.0.2' ],
53 silly audit   'wicked-good-xpath': [ '1.3.0' ],
53 silly audit   workerpool: [ '8.0.0' ],
53 silly audit   ws: [ '8.15.1' ],
53 silly audit   'xml-name-validator': [ '4.0.0' ],
53 silly audit   xmlchars: [ '2.2.0' ],
53 silly audit   'xmldom-sre': [ '0.1.31' ],
53 silly audit   y18n: [ '5.0.8' ],
53 silly audit   yargs: [ '17.7.2' ],
53 silly audit   'yargs-parser': [ '21.1.1' ],
53 silly audit   zwitch: [ '2.0.4' ]
53 silly audit }
54 timing reify:unpack Completed in 5ms
55 timing reify:unretire Completed in 32ms
56 timing build:queue Completed in 0ms
57 timing build:deps Completed in 0ms
58 timing build:queue Completed in 3ms
59 timing build:link:node_modules/@jackyzha0/quartz Completed in 2ms
60 timing build:link Completed in 2ms
61 timing build:links Completed in 5ms
62 timing build Completed in 6ms
63 timing reify:build Completed in 6ms
64 timing reify:trash Completed in 0ms
65 timing reify:save Completed in 248ms
66 http fetch POST 200 https://registry.npmjs.org/-/npm/v1/security/advisories/bulk 581ms
67 timing auditReport:getReport Completed in 591ms
68 silly audit report {
68 silly audit report   braces: [
68 silly audit report     {
68 silly audit report       id: 1098094,
68 silly audit report       url: 'https://github.com/advisories/GHSA-grv7-fg5c-xmjg',
68 silly audit report       title: 'Uncontrolled resource consumption in braces',
68 silly audit report       severity: 'high',
68 silly audit report       vulnerable_versions: '<3.0.3',
68 silly audit report       cwe: [Array],
68 silly audit report       cvss: [Object]
68 silly audit report     }
68 silly audit report   ],
68 silly audit report   katex: [
68 silly audit report     {
68 silly audit report       id: 1096808,
68 silly audit report       url: 'https://github.com/advisories/GHSA-3wc5-fcw2-2329',
68 silly audit report       title: 'KaTeX missing normalization of the protocol in URLs allows bypassing forbidden protocols',
68 silly audit report       severity: 'moderate',
68 silly audit report       vulnerable_versions: '>=0.11.0 <0.16.10',
68 silly audit report       cwe: [Array],
68 silly audit report       cvss: [Object]
68 silly audit report     },
68 silly audit report     {
68 silly audit report       id: 1096809,
68 silly audit report       url: 'https://github.com/advisories/GHSA-f98w-7cxr-ff2h',
68 silly audit report       title: "KaTeX's `\\includegraphics` does not escape filename",
68 silly audit report       severity: 'moderate',
68 silly audit report       vulnerable_versions: '>=0.11.0 <0.16.10',
68 silly audit report       cwe: [Array],
68 silly audit report       cvss: [Object]
68 silly audit report     },
68 silly audit report     {
68 silly audit report       id: 1096810,
68 silly audit report       url: 'https://github.com/advisories/GHSA-cvr6-37gx-v8wc',
68 silly audit report       title: "KaTeX's maxExpand bypassed by Unicode sub/superscripts",
68 silly audit report       severity: 'moderate',
68 silly audit report       vulnerable_versions: '>=0.15.4 <0.16.10',
68 silly audit report       cwe: [Array],
68 silly audit report       cvss: [Object]
68 silly audit report     },
68 silly audit report     {
68 silly audit report       id: 1096811,
68 silly audit report       url: 'https://github.com/advisories/GHSA-64fm-8hw2-v72w',
68 silly audit report       title: "KaTeX's maxExpand bypassed by `\\edef`",
68 silly audit report       severity: 'moderate',
68 silly audit report       vulnerable_versions: '>=0.10.0-beta <0.16.10',
68 silly audit report       cwe: [Array],
68 silly audit report       cvss: [Object]
68 silly audit report     }
68 silly audit report   ],
68 silly audit report   micromatch: [
68 silly audit report     {
68 silly audit report       id: 1098681,
68 silly audit report       url: 'https://github.com/advisories/GHSA-952p-6rrq-rcjv',
68 silly audit report       title: 'Regular Expression Denial of Service (ReDoS) in micromatch',
68 silly audit report       severity: 'moderate',
68 silly audit report       vulnerable_versions: '<4.0.8',
68 silly audit report       cwe: [Array],
68 silly audit report       cvss: [Object]
68 silly audit report     }
68 silly audit report   ],
68 silly audit report   'path-to-regexp': [
68 silly audit report     {
68 silly audit report       id: 1099560,
68 silly audit report       url: 'https://github.com/advisories/GHSA-9wv6-86v2-598j',
68 silly audit report       title: 'path-to-regexp outputs backtracking regular expressions',
68 silly audit report       severity: 'high',
68 silly audit report       vulnerable_versions: '>=2.0.0 <3.3.0',
68 silly audit report       cwe: [Array],
68 silly audit report       cvss: [Object]
68 silly audit report     }
68 silly audit report   ],
68 silly audit report   ws: [
68 silly audit report     {
68 silly audit report       id: 1098392,
68 silly audit report       url: 'https://github.com/advisories/GHSA-3h5v-q93c-6h6q',
68 silly audit report       title: 'ws affected by a DoS when handling a request with many HTTP headers',
68 silly audit report       severity: 'high',
68 silly audit report       vulnerable_versions: '>=8.0.0 <8.17.1',
68 silly audit report       cwe: [Array],
68 silly audit report       cvss: [Object]
68 silly audit report     }
68 silly audit report   ]
68 silly audit report }
69 timing metavuln:cache:get:security-advisory:braces:JiXBFkEDkUnBQLw3PO6emUmmm2JXqgEbh+FhB3SNDS8k6Z0wM20irrfaOjjxYuMxZaKaDudvR037mtEoeqZzXw== Completed in 28ms
70 timing metavuln:cache:get:security-advisory:katex:10B9/Z2AOCPnRW5JNa+cPXBCEBEzZrwnB/uvDTat1ANaqR8kTHR3/a/R8KwbQFu6ohi2fxpe0eEs3k0K3A2qYA== Completed in 23ms
71 timing metavuln:cache:get:security-advisory:katex:pOJRv/9+uxLheRGmQ2EscPku6CPFRkp3ESvbK+MTsSDbutC/3ShKHF6G56sJ4U+7V+jSgQzBM6uEduM0aNKw9g== Completed in 25ms
72 timing metavuln:cache:get:security-advisory:katex:g8qPisBCu4DOOR73WwJOKgEjsbgVNBSpv4Ia7RD2A81ep5y2Rl9hnZMLQkSmwO9e4WKNLX7CpAQ3wQyBVqtBnA== Completed in 24ms
73 timing metavuln:cache:get:security-advisory:katex:MHdNnUQf8jzTn2C2TPL+OUFHMoTserp63wB+xH8fi4I+kCIKu4KLeg1Nix0gWyK1L837WyPFfe912j52TpFHIQ== Completed in 24ms
74 timing metavuln:cache:get:security-advisory:micromatch:TlYHmS8BZBwkbsPHbTfH2/e91KJnOnqfC63ZoKdiRy+yt6biPd8BwjBdyfPUht1+ZO675I3Gg00RQPYaWiOm8Q== Completed in 23ms
75 timing metavuln:cache:get:security-advisory:path-to-regexp:7xyMGc7e7McZuGrpAag15vxaWsq3uYP6M3RKBagHcb72X958qe23HDTTNIHTbmcm3xMFccQ7xahLvs9lZKtH+w== Completed in 24ms
76 timing metavuln:cache:get:security-advisory:ws:v2Har794Be+6XfcvT/NJHW1cDl3bIscCiu/kNNCIy/l00C5P2Cx1BODrleH5tIDK9p3TMcvLzGMY0Lz9rde8Ww== Completed in 23ms
77 http fetch GET 200 https://registry.npmjs.org/braces 83ms (cache revalidated)
78 timing metavuln:packument:braces Completed in 86ms
79 timing metavuln:load:security-advisory:braces:1098094 Completed in 1ms
80 timing metavuln:calculate:security-advisory:braces:1098094 Completed in 89ms
81 http fetch GET 200 https://registry.npmjs.org/katex 137ms (cache revalidated)
82 timing metavuln:packument:katex Completed in 142ms
83 timing metavuln:load:security-advisory:katex:1096808 Completed in 1ms
84 timing metavuln:calculate:security-advisory:katex:1096808 Completed in 143ms
85 timing metavuln:load:security-advisory:katex:1096809 Completed in 0ms
86 timing metavuln:calculate:security-advisory:katex:1096809 Completed in 142ms
87 timing metavuln:load:security-advisory:katex:1096810 Completed in 1ms
88 timing metavuln:calculate:security-advisory:katex:1096810 Completed in 143ms
89 timing metavuln:load:security-advisory:katex:1096811 Completed in 1ms
90 timing metavuln:calculate:security-advisory:katex:1096811 Completed in 144ms
91 http fetch GET 200 https://registry.npmjs.org/ws 145ms (cache revalidated)
92 timing metavuln:packument:ws Completed in 147ms
93 timing metavuln:load:security-advisory:ws:1098392 Completed in 1ms
94 timing metavuln:calculate:security-advisory:ws:1098392 Completed in 149ms
95 http fetch GET 200 https://registry.npmjs.org/micromatch 159ms (cache revalidated)
96 timing metavuln:packument:micromatch Completed in 160ms
97 timing metavuln:load:security-advisory:micromatch:1098681 Completed in 1ms
98 timing metavuln:calculate:security-advisory:micromatch:1098681 Completed in 162ms
99 http fetch GET 200 https://registry.npmjs.org/path-to-regexp 160ms (cache revalidated)
100 timing metavuln:packument:path-to-regexp Completed in 161ms
101 timing metavuln:load:security-advisory:path-to-regexp:1099560 Completed in 0ms
102 timing metavuln:calculate:security-advisory:path-to-regexp:1099560 Completed in 162ms
103 timing metavuln:cache:get:security-advisory:chokidar:LU+YLfVnn6vFXVAvnsGqd58Rz8g6tJ60ZMP+wazsDeQPoFbTHjxfCKIpn7lW6acFOIKvNjhthFMXqTIaWevt+w== Completed in 3ms
104 timing metavuln:cache:get:security-advisory:micromatch:KLlQrQSexijh/BbB4FSM3fP0/MIDSj3iMiApgG1JwuVrHt48fzZ8fAIdgNu2TyvXdqnfHV2kIjol+N5OzsIiGQ== Completed in 3ms
105 timing metavuln:load:security-advisory:micromatch:JiXBFkEDkUnBQLw3PO6emUmmm2JXqgEbh+FhB3SNDS8k6Z0wM20irrfaOjjxYuMxZaKaDudvR037mtEoeqZzXw== Completed in 0ms
106 timing metavuln:calculate:security-advisory:micromatch:JiXBFkEDkUnBQLw3PO6emUmmm2JXqgEbh+FhB3SNDS8k6Z0wM20irrfaOjjxYuMxZaKaDudvR037mtEoeqZzXw== Completed in 3ms
107 http fetch GET 200 https://registry.npmjs.org/chokidar 73ms (cache revalidated)
108 timing metavuln:packument:chokidar Completed in 77ms
109 timing metavuln:load:security-advisory:chokidar:JiXBFkEDkUnBQLw3PO6emUmmm2JXqgEbh+FhB3SNDS8k6Z0wM20irrfaOjjxYuMxZaKaDudvR037mtEoeqZzXw== Completed in 1ms
110 timing metavuln:calculate:security-advisory:chokidar:JiXBFkEDkUnBQLw3PO6emUmmm2JXqgEbh+FhB3SNDS8k6Z0wM20irrfaOjjxYuMxZaKaDudvR037mtEoeqZzXw== Completed in 80ms
111 timing metavuln:cache:get:security-advisory:micromark-extension-math:pHCnzlJ1IIsFEQnqznyXzwn9FX3U0elN8AyoS4FU+hWLrtce40QgysJtZw9x/AnNy05GvzwN6RI4HVRVpXmwVw== Completed in 10ms
112 timing metavuln:cache:get:security-advisory:rehype-katex:D2iiSu9TDfDMTpNgUvkeRqReOJiiOV4qXDOZ7Y2EmGx1zs7olDNN/1FNIo4QEnJIurWXvtZrejZkgcqa1ckFCQ== Completed in 9ms
113 http fetch GET 200 https://registry.npmjs.org/rehype-katex 66ms (cache revalidated)
114 timing metavuln:packument:rehype-katex Completed in 69ms
115 timing metavuln:load:security-advisory:rehype-katex:pOJRv/9+uxLheRGmQ2EscPku6CPFRkp3ESvbK+MTsSDbutC/3ShKHF6G56sJ4U+7V+jSgQzBM6uEduM0aNKw9g== Completed in 0ms
116 timing metavuln:calculate:security-advisory:rehype-katex:pOJRv/9+uxLheRGmQ2EscPku6CPFRkp3ESvbK+MTsSDbutC/3ShKHF6G56sJ4U+7V+jSgQzBM6uEduM0aNKw9g== Completed in 69ms
117 http fetch GET 200 https://registry.npmjs.org/micromark-extension-math 246ms (cache revalidated)
118 timing metavuln:packument:micromark-extension-math Completed in 248ms
119 timing metavuln:load:security-advisory:micromark-extension-math:pOJRv/9+uxLheRGmQ2EscPku6CPFRkp3ESvbK+MTsSDbutC/3ShKHF6G56sJ4U+7V+jSgQzBM6uEduM0aNKw9g== Completed in 0ms
120 timing metavuln:calculate:security-advisory:micromark-extension-math:pOJRv/9+uxLheRGmQ2EscPku6CPFRkp3ESvbK+MTsSDbutC/3ShKHF6G56sJ4U+7V+jSgQzBM6uEduM0aNKw9g== Completed in 249ms
121 timing metavuln:cache:get:security-advisory:fast-glob:AbqaRkH/ah2E63AlsHQoSe4rzDu85g3nQo2oOGK8mDPpx8ODN4CyFz62hpRucknVgKWSODuNhHcd4w2oWa9y3w== Completed in 6ms
122 http fetch GET 200 https://registry.npmjs.org/fast-glob 51ms (cache revalidated)
123 timing metavuln:packument:fast-glob Completed in 55ms
124 timing metavuln:load:security-advisory:fast-glob:TlYHmS8BZBwkbsPHbTfH2/e91KJnOnqfC63ZoKdiRy+yt6biPd8BwjBdyfPUht1+ZO675I3Gg00RQPYaWiOm8Q== Completed in 0ms
125 timing metavuln:calculate:security-advisory:fast-glob:TlYHmS8BZBwkbsPHbTfH2/e91KJnOnqfC63ZoKdiRy+yt6biPd8BwjBdyfPUht1+ZO675I3Gg00RQPYaWiOm8Q== Completed in 57ms
126 timing metavuln:cache:get:security-advisory:serve-handler:SxLQImmNd1v2Io/NxjWAKo5/HKmwLtCGsfJuC/ATbVyKbaxmP9xJHq1C5JSjZu0XFWoBhhtKXCJTyHH2VSAPog== Completed in 7ms
127 http fetch GET 200 https://registry.npmjs.org/serve-handler 60ms (cache revalidated)
128 timing metavuln:packument:serve-handler Completed in 65ms
129 timing metavuln:load:security-advisory:serve-handler:7xyMGc7e7McZuGrpAag15vxaWsq3uYP6M3RKBagHcb72X958qe23HDTTNIHTbmcm3xMFccQ7xahLvs9lZKtH+w== Completed in 2ms
130 timing metavuln:calculate:security-advisory:serve-handler:7xyMGc7e7McZuGrpAag15vxaWsq3uYP6M3RKBagHcb72X958qe23HDTTNIHTbmcm3xMFccQ7xahLvs9lZKtH+w== Completed in 67ms
131 timing metavuln:cache:get:security-advisory:jsdom:wcEtMC8dtmP0q2wKZzNqNLQptSDZndPK2r+ALXj5U9ndQgy8VVVAm9USXLt+WsaPcd4rzAy3ebSParsRZH5bBA== Completed in 12ms
132 http fetch GET 200 https://registry.npmjs.org/jsdom 63ms (cache revalidated)
133 timing metavuln:packument:jsdom Completed in 79ms
134 timing metavuln:load:security-advisory:jsdom:v2Har794Be+6XfcvT/NJHW1cDl3bIscCiu/kNNCIy/l00C5P2Cx1BODrleH5tIDK9p3TMcvLzGMY0Lz9rde8Ww== Completed in 3ms
135 timing metavuln:calculate:security-advisory:jsdom:v2Har794Be+6XfcvT/NJHW1cDl3bIscCiu/kNNCIy/l00C5P2Cx1BODrleH5tIDK9p3TMcvLzGMY0Lz9rde8Ww== Completed in 82ms
136 timing auditReport:init Completed in 721ms
137 timing reify:audit Completed in 1319ms
138 timing reify Completed in 1441ms
